<?xml version="1.0" encoding="UTF-8"?>
<!-- Generated by org.testng.reporters.JUnitReportReporter -->
<testsuite skipped="0" hostname="DESKTOP-C4ILQS9" name="com.qa.tests.DemoTest" tests="1" failures="0" timestamp="21 六月 2019 05:58:31 GMT" time="3.926" errors="0">
  <testcase name="test" time="3.926" classname="com.qa.tests.DemoTest"/>
</testsuite> <!-- com.qa.tests.DemoTest -->
