<?xml version="1.0" encoding="UTF-8"?>
<!-- Generated by org.testng.reporters.JUnitReportReporter -->
<testsuite skipped="0" hostname="DESKTOP-C4ILQS9" name="com.qa.tests.PostApiTest" tests="1" failures="0" timestamp="19 六月 2019 09:22:19 GMT" time="1.315" errors="0">
  <testcase name="postApiTest" time="1.315" classname="com.qa.tests.PostApiTest"/>
</testsuite> <!-- com.qa.tests.PostApiTest -->
