<?xml version="1.0" encoding="UTF-8"?>
<!-- Generated by org.testng.reporters.JUnitReportReporter -->
<testsuite skipped="0" hostname="DESKTOP-C4ILQS9" name="com.qa.tests.GetAPITest" tests="1" failures="0" timestamp="19 六月 2019 08:59:59 GMT" time="0.886" errors="0">
  <testcase name="getApiTest" time="0.886" classname="com.qa.tests.GetAPITest"/>
</testsuite> <!-- com.qa.tests.GetAPITest -->
